<?xml version="1.0" encoding="UTF-8"?>
<testng-results skipped="0" failed="0" total="1" passed="1">
  <reporter-output>
  </reporter-output>
  <suite name="retailer-add-future-shopping-cart" duration-ms="24454" started-at="2015-02-03T06:44:34Z" finished-at="2015-02-03T06:44:58Z">
    <groups>
    </groups>
    <test name="addFutureShoppingCart" duration-ms="24454" started-at="2015-02-03T06:44:34Z" finished-at="2015-02-03T06:44:58Z">
      <class name="com.ccigmall.auto.test.step.pc.retailer.booking.AddFutureShoppingCartStep">
        <test-method status="PASS" signature="beforeSuite(java.lang.String, java.lang.String, java.lang.String)[pri:0, instance:com.ccigmall.auto.test.step.pc.retailer.booking.AddFutureShoppingCartStep@2f87c55c]" name="beforeSuite" is-config="true" duration-ms="7" started-at="2015-02-03T14:44:34Z" finished-at="2015-02-03T14:44:34Z">
          <params>
            <param index="0">
              <value>
                <![CDATA[http://192.168.1.171]]>
              </value>
            </param>
            <param index="1">
              <value>
                <![CDATA[13608088888]]>
              </value>
            </param>
            <param index="2">
              <value>
                <![CDATA[qqqqqq]]>
              </value>
            </param>
          </params>
          <reporter-output>
          </reporter-output>
        </test-method> <!-- beforeSuite -->
        <test-method status="PASS" signature="beforeTest()[pri:0, instance:com.ccigmall.auto.test.step.pc.retailer.booking.AddFutureShoppingCartStep@2f87c55c]" name="beforeTest" is-config="true" duration-ms="0" started-at="2015-02-03T14:44:34Z" finished-at="2015-02-03T14:44:34Z">
          <reporter-output>
          </reporter-output>
        </test-method> <!-- beforeTest -->
        <test-method status="PASS" signature="beforeClass()[pri:0, instance:com.ccigmall.auto.test.step.pc.retailer.booking.AddFutureShoppingCartStep@2f87c55c]" name="beforeClass" is-config="true" duration-ms="0" started-at="2015-02-03T14:44:34Z" finished-at="2015-02-03T14:44:34Z">
          <reporter-output>
          </reporter-output>
        </test-method> <!-- beforeClass -->
        <test-method status="PASS" signature="beforeMethod()[pri:0, instance:com.ccigmall.auto.test.step.pc.retailer.booking.AddFutureShoppingCartStep@2f87c55c]" name="beforeMethod" is-config="true" duration-ms="13883" started-at="2015-02-03T14:44:34Z" finished-at="2015-02-03T14:44:48Z">
          <reporter-output>
          </reporter-output>
        </test-method> <!-- beforeMethod -->
        <test-method status="PASS" signature="testAddFutureShoppingCart()[pri:0, instance:com.ccigmall.auto.test.step.pc.retailer.booking.AddFutureShoppingCartStep@2f87c55c]" name="testAddFutureShoppingCart" duration-ms="10258" started-at="2015-02-03T14:44:48Z" description="pc 期货下单-加入购物车" finished-at="2015-02-03T14:44:58Z">
          <reporter-output>
          </reporter-output>
        </test-method> <!-- testAddFutureShoppingCart -->
        <test-method status="PASS" signature="afterMethod()[pri:0, instance:com.ccigmall.auto.test.step.pc.retailer.booking.AddFutureShoppingCartStep@2f87c55c]" name="afterMethod" is-config="true" duration-ms="304" started-at="2015-02-03T14:44:58Z" finished-at="2015-02-03T14:44:58Z">
          <reporter-output>
          </reporter-output>
        </test-method> <!-- afterMethod -->
        <test-method status="PASS" signature="afterClass()[pri:0, instance:com.ccigmall.auto.test.step.pc.retailer.booking.AddFutureShoppingCartStep@2f87c55c]" name="afterClass" is-config="true" duration-ms="0" started-at="2015-02-03T14:44:58Z" finished-at="2015-02-03T14:44:58Z">
          <reporter-output>
          </reporter-output>
        </test-method> <!-- afterClass -->
        <test-method status="PASS" signature="afterTest()[pri:0, instance:com.ccigmall.auto.test.step.pc.retailer.booking.AddFutureShoppingCartStep@2f87c55c]" name="afterTest" is-config="true" duration-ms="0" started-at="2015-02-03T14:44:58Z" finished-at="2015-02-03T14:44:58Z">
          <reporter-output>
          </reporter-output>
        </test-method> <!-- afterTest -->
        <test-method status="PASS" signature="afterSuite()[pri:0, instance:com.ccigmall.auto.test.step.pc.retailer.booking.AddFutureShoppingCartStep@2f87c55c]" name="afterSuite" is-config="true" duration-ms="9" started-at="2015-02-03T14:44:58Z" finished-at="2015-02-03T14:44:58Z">
          <reporter-output>
          </reporter-output>
        </test-method> <!-- afterSuite -->
      </class> <!-- com.ccigmall.auto.test.step.pc.retailer.booking.AddFutureShoppingCartStep -->
    </test> <!-- addFutureShoppingCart -->
  </suite> <!-- retailer-add-future-shopping-cart -->
</testng-results>
